<?xml version="1.0" encoding="utf-8"?>
<!DOCTYPE coverage SYSTEM "http://cobertura.sourceforge.net/xml/coverage-04.dtd">
<coverage line-rate="0.5416666666666666" branch-rate="0" lines-covered="13" lines-valid="24" branches-covered="0" branches-valid="2" complexity="NaN" version="0" timestamp="1616577069">
  <sources>
    <source>/home/runner/work/poc-faust-tutorial1/poc-faust-tutorial1</source>
  </sources>
  <packages>
    <package name="src" line-rate="0" branch-rate="0" complexity="NaN">
      <classes>
        <class name="__init__.py" filename="/home/runner/work/poc-faust-tutorial1/poc-faust-tutorial1/src/__init__.py" line-rate="1" branch-rate="1" complexity="NaN">
          <methods />
          <lines />
        </class>
        <class name="page_views.py" filename="/home/runner/work/poc-faust-tutorial1/poc-faust-tutorial1/src/page_views.py" line-rate="0" branch-rate="0" complexity="NaN">
          <methods />
          <lines>
            <line number="1" hits="0" branch="false" />
            <line number="3" hits="0" branch="false" />
            <line number="6" hits="0" branch="false" />
            <line number="7" hits="0" branch="false" />
            <line number="8" hits="0" branch="false" />
            <line number="11" hits="0" branch="false" />
            <line number="13" hits="0" branch="false" />
            <line number="16" hits="0" branch="false" />
            <line number="17" hits="0" branch="false" />
            <line number="18" hits="0" branch="true" condition-coverage="0% (0/2)" />
            <line number="19" hits="0" branch="false" />
          </lines>
        </class>
      </classes>
    </package>
    <package name="src.sample" line-rate="1" branch-rate="1" complexity="NaN">
      <classes>
        <class name="__init__.py" filename="/home/runner/work/poc-faust-tutorial1/poc-faust-tutorial1/src/sample/__init__.py" line-rate="1" branch-rate="1" complexity="NaN">
          <methods />
          <lines />
        </class>
        <class name="calculator_helper.py" filename="/home/runner/work/poc-faust-tutorial1/poc-faust-tutorial1/src/sample/calculator_helper.py" line-rate="1" branch-rate="1" complexity="NaN">
          <methods />
          <lines>
            <line number="1" hits="1" branch="false" />
            <line number="2" hits="1" branch="false" />
            <line number="5" hits="1" branch="false" />
            <line number="6" hits="1" branch="false" />
          </lines>
        </class>
        <class name="calculator.py" filename="/home/runner/work/poc-faust-tutorial1/poc-faust-tutorial1/src/sample/calculator.py" line-rate="1" branch-rate="1" complexity="NaN">
          <methods />
          <lines>
            <line number="1" hits="1" branch="false" />
            <line number="4" hits="1" branch="false" />
            <line number="5" hits="1" branch="false" />
            <line number="6" hits="1" branch="false" />
            <line number="7" hits="1" branch="false" />
            <line number="9" hits="1" branch="false" />
            <line number="10" hits="1" branch="false" />
            <line number="12" hits="1" branch="false" />
            <line number="13" hits="1" branch="false" />
          </lines>
        </class>
      </classes>
    </package>
  </packages>
</coverage>